<?xml version="1.0" encoding="UTF-8"?>
<!-- Generated by org.testng.reporters.JUnitReportReporter -->
<testsuite hostname="Acer-Nina" failures="0" tests="1" name="cucumberOptions.TestNGRunner" time="32.505" errors="0" timestamp="2024-07-25T16:07:41 BST" skipped="0">
  <testcase classname="cucumberOptions.TestNGRunner" name="runScenario" time="32.505"/>
</testsuite> <!-- cucumberOptions.TestNGRunner -->
